[14:21:01] [info] PestManKill: [ThreadPool] Running in single-threaded mode (UI_ENABLE_MULTITHREAD=OFF).
[14:21:01] [info] PestManKill: [SystemManager] 正在注册 PlatformWindowSystem...
[14:21:01] [info] PestManKill: [SystemManager] 正在注册 InteractionSystem...
[14:21:01] [info] PestManKill: [SystemManager] 正在注册 TextInputSystem...
[14:21:01] [info] PestManKill: [SystemManager] 正在注册 HitTestSystem...
[14:21:01] [info] PestManKill: [SystemManager] 正在注册 TweenSystem...
[14:21:01] [info] PestManKill: [SystemManager] 正在注册 LayoutSystem...
[14:21:01] [info] PestManKill: [SystemManager] 正在注册 RenderSystem...
[14:21:01] [info] PestManKill: [FontManager] FreeType initialized successfully
[14:21:01] [info] PestManKill: [IconManager] FreeType initialized
[14:21:01] [info] PestManKill: [SystemManager] 正在注册 StateSystem...
[14:21:01] [info] PestManKill: [SystemManager] 正在注册 ActionSystem...
[14:21:01] [info] PestManKill: [SystemManager] 正在注册 TimerSystem...
[14:21:01] [info] PestManKill: [SystemManager] 正在注册 ThemeSystem...
[14:21:01] [info] PestManKill: [SystemManager] 正在注册 ShortcutSystem...
[14:21:01] [info] PestManKill: [SystemManager] 系统管理器初始化完成，已注册 12 个系统
[14:21:01] [info] PestManKill: SDL 初始化成功
[14:21:01] [info] PestManKill: [RenderSystem] Registering event handlers
[14:21:01] [info] PestManKill: [RenderSystem] Event handlers registered successfully
[14:21:01] [warning] PestManKill: [BaseWidget] create 0 alias=menuDialog
[14:21:01] [warning] PestManKill: [BaseWidget] emplace BaseInfo 0
[14:21:01] [warning] PestManKill: [BaseWidget] emplace Position 0
[14:21:01] [warning] PestManKill: [BaseWidget] emplace Size 0
[14:21:01] [warning] PestManKill: [BaseWidget] emplace Alpha 0
[14:21:01] [warning] PestManKill: [BaseWidget] emplace VisibleTag 0
[14:21:01] [warning] PestManKill: [BaseWidget] emplace Hierarchy 0
[14:21:01] [warning] PestManKill: [BaseWidget] mark dirty 0
[14:21:01] [info] PestManKill: [RenderSystem] update first call
[14:21:01] [info] PestManKill: DeviceManager: 开始初始化 GPU 后端 (Strategy: Iterative Configuration)
[14:21:01] [info] PestManKill: 尝试初始化后端: direct3d12...
[14:21:02] [info] PestManKill: GPU 初始化成功，锁定后端: direct3d12
[14:21:02] [info] PestManKill: [RenderSystem] 当前渲染后端: gpu (direct3d12)
[14:21:02] [info] PestManKill: [FontManager] HarfBuzz font created successfully
[14:21:02] [info] PestManKill: [FontManager] Font loaded: Noto Sans SC at 14px
[14:21:02] [info] PestManKill: 着色器加载成功 (驱动: direct3d12)
[14:21:02] [info] PestManKill: [TextTextureCache] Initialized with max size: 256
[14:21:02] [info] PestManKill: [RenderSystem] 初始化 IconManager 并加载默认图标字体
[14:21:02] [info] PestManKill: IconFont 'MaterialSymbols' loaded from memory: 4102 icons
[14:21:02] [info] PestManKill: [RenderSystem]默认图标字体加载完成
[14:21:02] [info] PestManKill: [RenderSystem] 初始化了 11 个渲染器
[14:21:02] [warning] PestManKill: Window entity has no SDL window
[14:21:02] [info] PestManKill: [Factory] Triggering WindowGraphicsContextSetEvent for dialog entity 0
[14:21:02] [info] PestManKill: [RenderSystem] 收到窗口图形上下文设置事件，实体ID: 0
[14:21:02] [info] PestManKill: [RenderSystem] 窗口图形上下文设置完成 (Entity: 0)
[14:21:02] [warning] PestManKill: [BaseWidget] create 1 alias=titleLabel
[14:21:02] [warning] PestManKill: [BaseWidget] emplace BaseInfo 1
[14:21:02] [warning] PestManKill: [BaseWidget] emplace Position 1
[14:21:02] [warning] PestManKill: [BaseWidget] emplace Size 1
[14:21:02] [warning] PestManKill: [BaseWidget] emplace Alpha 1
[14:21:02] [warning] PestManKill: [BaseWidget] emplace VisibleTag 1
[14:21:02] [warning] PestManKill: [BaseWidget] emplace Hierarchy 1
[14:21:02] [warning] PestManKill: [BaseWidget] mark dirty 1
[14:21:02] [warning] PestManKill: [BaseWidget] create 3 alias=startBtn
[14:21:02] [warning] PestManKill: [BaseWidget] emplace BaseInfo 3
[14:21:02] [warning] PestManKill: [BaseWidget] emplace Position 3
[14:21:02] [warning] PestManKill: [BaseWidget] emplace Size 3
[14:21:02] [warning] PestManKill: [BaseWidget] emplace Alpha 3
[14:21:02] [warning] PestManKill: [BaseWidget] emplace VisibleTag 3
[14:21:02] [warning] PestManKill: [BaseWidget] emplace Hierarchy 3
[14:21:02] [warning] PestManKill: [BaseWidget] mark dirty 3
[14:21:02] [warning] PestManKill: [BaseWidget] create 4 alias=settingsBtn
[14:21:02] [warning] PestManKill: [BaseWidget] emplace BaseInfo 4
[14:21:02] [warning] PestManKill: [BaseWidget] emplace Position 4
[14:21:02] [warning] PestManKill: [BaseWidget] emplace Size 4
[14:21:02] [warning] PestManKill: [BaseWidget] emplace Alpha 4
[14:21:02] [warning] PestManKill: [BaseWidget] emplace VisibleTag 4
[14:21:02] [warning] PestManKill: [BaseWidget] emplace Hierarchy 4
[14:21:02] [warning] PestManKill: [BaseWidget] mark dirty 4
[14:21:02] [warning] PestManKill: [BaseWidget] create 5 alias=exitBtn
[14:21:02] [warning] PestManKill: [BaseWidget] emplace BaseInfo 5
[14:21:02] [warning] PestManKill: [BaseWidget] emplace Position 5
[14:21:02] [warning] PestManKill: [BaseWidget] emplace Size 5
[14:21:02] [warning] PestManKill: [BaseWidget] emplace Alpha 5
[14:21:02] [warning] PestManKill: [BaseWidget] emplace VisibleTag 5
[14:21:02] [warning] PestManKill: [BaseWidget] emplace Hierarchy 5
[14:21:02] [warning] PestManKill: [BaseWidget] mark dirty 5
[14:21:02] [warning] PestManKill: [BaseWidget] create 7 alias=versionLabel
[14:21:02] [warning] PestManKill: [BaseWidget] emplace BaseInfo 7
[14:21:02] [warning] PestManKill: [BaseWidget] emplace Position 7
[14:21:02] [warning] PestManKill: [BaseWidget] emplace Size 7
[14:21:02] [warning] PestManKill: [BaseWidget] emplace Alpha 7
[14:21:02] [warning] PestManKill: [BaseWidget] emplace VisibleTag 7
[14:21:02] [warning] PestManKill: [BaseWidget] emplace Hierarchy 7
[14:21:02] [warning] PestManKill: [BaseWidget] mark dirty 7
[14:21:02] [info] PestManKill: Showing menu dialog...
[14:21:02] [info] PestManKill: CreateMenuDialog completed.
[14:21:02] [info] PestManKill: TimerSystem: Added task 1 with interval 5000ms (singleShot=false)
[14:21:02] [info] PestManKill: Entity 3 clicked
[14:21:02] [warning] PestManKill: [BaseWidget] create 8 alias=gameWindow
[14:21:02] [warning] PestManKill: [BaseWidget] emplace BaseInfo 8
[14:21:02] [warning] PestManKill: [BaseWidget] emplace Position 8
[14:21:02] [warning] PestManKill: [BaseWidget] emplace Size 8
[14:21:02] [warning] PestManKill: [BaseWidget] emplace Alpha 8
[14:21:02] [warning] PestManKill: [BaseWidget] emplace VisibleTag 8
[14:21:02] [warning] PestManKill: [BaseWidget] emplace Hierarchy 8
[14:21:02] [warning] PestManKill: [BaseWidget] mark dirty 8
[14:21:02] [warning] PestManKill: Window entity has no SDL window
[14:21:02] [info] PestManKill: [Factory] Triggering WindowGraphicsContextSetEvent for window entity 8
[14:21:02] [info] PestManKill: [RenderSystem] 收到窗口图形上下文设置事件，实体ID: 8
[14:21:02] [info] PestManKill: [RenderSystem] 窗口图形上下文设置完成 (Entity: 8)
[14:21:02] [warning] PestManKill: [BaseWidget] create 9 alias=row1
[14:21:02] [warning] PestManKill: [BaseWidget] emplace BaseInfo 9
[14:21:02] [warning] PestManKill: [BaseWidget] emplace Position 9
[14:21:02] [warning] PestManKill: [BaseWidget] emplace Size 9
[14:21:02] [warning] PestManKill: [BaseWidget] emplace Alpha 9
[14:21:02] [warning] PestManKill: [BaseWidget] emplace VisibleTag 9
[14:21:02] [warning] PestManKill: [BaseWidget] emplace Hierarchy 9
[14:21:02] [warning] PestManKill: [BaseWidget] mark dirty 9
[14:21:02] [warning] PestManKill: [BaseWidget] create 10 alias=inputPanel
[14:21:02] [warning] PestManKill: [BaseWidget] emplace BaseInfo 10
[14:21:02] [warning] PestManKill: [BaseWidget] emplace Position 10
[14:21:02] [warning] PestManKill: [BaseWidget] emplace Size 10
[14:21:02] [warning] PestManKill: [BaseWidget] emplace Alpha 10
[14:21:02] [warning] PestManKill: [BaseWidget] emplace VisibleTag 10
[14:21:02] [warning] PestManKill: [BaseWidget] emplace Hierarchy 10
[14:21:02] [warning] PestManKill: [BaseWidget] mark dirty 10
[14:21:02] [warning] PestManKill: [BaseWidget] create 11 alias=inputTitle
[14:21:02] [warning] PestManKill: [BaseWidget] emplace BaseInfo 11
[14:21:02] [warning] PestManKill: [BaseWidget] emplace Position 11
[14:21:02] [warning] PestManKill: [BaseWidget] emplace Size 11
[14:21:02] [warning] PestManKill: [BaseWidget] emplace Alpha 11
[14:21:02] [warning] PestManKill: [BaseWidget] emplace VisibleTag 11
[14:21:02] [warning] PestManKill: [BaseWidget] emplace Hierarchy 11
[14:21:02] [warning] PestManKill: [BaseWidget] mark dirty 11
[14:21:02] [warning] PestManKill: [BaseWidget] create 12 alias=btnRow
[14:21:02] [warning] PestManKill: [BaseWidget] emplace BaseInfo 12
[14:21:02] [warning] PestManKill: [BaseWidget] emplace Position 12
[14:21:02] [warning] PestManKill: [BaseWidget] emplace Size 12
[14:21:02] [warning] PestManKill: [BaseWidget] emplace Alpha 12
[14:21:02] [warning] PestManKill: [BaseWidget] emplace VisibleTag 12
[14:21:02] [warning] PestManKill: [BaseWidget] emplace Hierarchy 12
[14:21:02] [warning] PestManKill: [BaseWidget] mark dirty 12
[14:21:02] [warning] PestManKill: [BaseWidget] create 13 alias=primaryBtn
[14:21:02] [warning] PestManKill: [BaseWidget] emplace BaseInfo 13
[14:21:02] [warning] PestManKill: [BaseWidget] emplace Position 13
[14:21:02] [warning] PestManKill: [BaseWidget] emplace Size 13
[14:21:02] [warning] PestManKill: [BaseWidget] emplace Alpha 13
[14:21:02] [warning] PestManKill: [BaseWidget] emplace VisibleTag 13
[14:21:02] [warning] PestManKill: [BaseWidget] emplace Hierarchy 13
[14:21:02] [warning] PestManKill: [BaseWidget] mark dirty 13
[14:21:02] [warning] PestManKill: [BaseWidget] create 14 alias=warnBtn
[14:21:02] [warning] PestManKill: [BaseWidget] emplace BaseInfo 14
[14:21:02] [warning] PestManKill: [BaseWidget] emplace Position 14
[14:21:02] [warning] PestManKill: [BaseWidget] emplace Size 14
[14:21:02] [warning] PestManKill: [BaseWidget] emplace Alpha 14
[14:21:02] [warning] PestManKill: [BaseWidget] emplace VisibleTag 14
[14:21:02] [warning] PestManKill: [BaseWidget] emplace Hierarchy 14
[14:21:02] [warning] PestManKill: [BaseWidget] mark dirty 14
[14:21:02] [warning] PestManKill: [BaseWidget] create 15 alias=dangerBtn
[14:21:03] [warning] PestManKill: [BaseWidget] emplace BaseInfo 15
[14:21:03] [warning] PestManKill: [BaseWidget] emplace Position 15
[14:21:03] [warning] PestManKill: [BaseWidget] emplace Size 15
[14:21:03] [warning] PestManKill: [BaseWidget] emplace Alpha 15
[14:21:03] [warning] PestManKill: [BaseWidget] emplace VisibleTag 15
[14:21:03] [warning] PestManKill: [BaseWidget] emplace Hierarchy 15
[14:21:03] [warning] PestManKill: [BaseWidget] mark dirty 15
[14:21:03] [warning] PestManKill: [BaseWidget] create 16 alias=ghostBtn
[14:21:03] [warning] PestManKill: [BaseWidget] emplace BaseInfo 16
[14:21:03] [warning] PestManKill: [BaseWidget] emplace Position 16
[14:21:03] [warning] PestManKill: [BaseWidget] emplace Size 16
[14:21:03] [warning] PestManKill: [BaseWidget] emplace Alpha 16
[14:21:03] [warning] PestManKill: [BaseWidget] emplace VisibleTag 16
[14:21:03] [warning] PestManKill: [BaseWidget] emplace Hierarchy 16
[14:21:03] [warning] PestManKill: [BaseWidget] mark dirty 16
[14:21:03] [warning] PestManKill: [BaseWidget] create 17 alias=disabledBtn
[14:21:03] [warning] PestManKill: [BaseWidget] emplace BaseInfo 17
[14:21:03] [warning] PestManKill: [BaseWidget] emplace Position 17
[14:21:03] [warning] PestManKill: [BaseWidget] emplace Size 17
[14:21:03] [warning] PestManKill: [BaseWidget] emplace Alpha 17
[14:21:03] [warning] PestManKill: [BaseWidget] emplace VisibleTag 17
[14:21:03] [warning] PestManKill: [BaseWidget] emplace Hierarchy 17
[14:21:03] [warning] PestManKill: [BaseWidget] mark dirty 17
[14:21:03] [warning] PestManKill: [BaseWidget] create 18 alias=cbRow
[14:21:03] [warning] PestManKill: [BaseWidget] emplace BaseInfo 18
[14:21:03] [warning] PestManKill: [BaseWidget] emplace Position 18
[14:21:03] [warning] PestManKill: [BaseWidget] emplace Size 18
[14:21:03] [warning] PestManKill: [BaseWidget] emplace Alpha 18
[14:21:03] [warning] PestManKill: [BaseWidget] emplace VisibleTag 18
[14:21:03] [warning] PestManKill: [BaseWidget] emplace Hierarchy 18
[14:21:03] [warning] PestManKill: [BaseWidget] mark dirty 18
[14:21:03] [warning] PestManKill: [BaseWidget] create 19 alias=cb1
[14:21:03] [warning] PestManKill: [BaseWidget] emplace BaseInfo 19
[14:21:03] [warning] PestManKill: [BaseWidget] emplace Position 19
[14:21:03] [warning] PestManKill: [BaseWidget] emplace Size 19
[14:21:03] [warning] PestManKill: [BaseWidget] emplace Alpha 19
[14:21:03] [warning] PestManKill: [BaseWidget] emplace VisibleTag 19
[14:21:03] [warning] PestManKill: [BaseWidget] emplace Hierarchy 19
[14:21:03] [warning] PestManKill: [BaseWidget] mark dirty 19
[14:21:03] [warning] PestManKill: [BaseWidget] create 20 alias=cb2
[14:21:03] [warning] PestManKill: [BaseWidget] emplace BaseInfo 20
[14:21:03] [warning] PestManKill: [BaseWidget] emplace Position 20
[14:21:03] [warning] PestManKill: [BaseWidget] emplace Size 20
[14:21:03] [warning] PestManKill: [BaseWidget] emplace Alpha 20
[14:21:03] [warning] PestManKill: [BaseWidget] emplace VisibleTag 20
[14:21:03] [warning] PestManKill: [BaseWidget] emplace Hierarchy 20
[14:21:03] [warning] PestManKill: [BaseWidget] mark dirty 20
[14:21:03] [warning] PestManKill: [BaseWidget] create 21 alias=cb3
[14:21:03] [warning] PestManKill: [BaseWidget] emplace BaseInfo 21
[14:21:03] [warning] PestManKill: [BaseWidget] emplace Position 21
[14:21:03] [warning] PestManKill: [BaseWidget] emplace Size 21
[14:21:03] [warning] PestManKill: [BaseWidget] emplace Alpha 21
[14:21:03] [warning] PestManKill: [BaseWidget] emplace VisibleTag 21
[14:21:03] [warning] PestManKill: [BaseWidget] emplace Hierarchy 21
[14:21:03] [warning] PestManKill: [BaseWidget] mark dirty 21
[14:21:03] [warning] PestManKill: [BaseWidget] create 22 alias=demoLineEdit
[14:21:03] [warning] PestManKill: [BaseWidget] emplace BaseInfo 22
[14:21:03] [warning] PestManKill: [BaseWidget] emplace Position 22
[14:21:03] [warning] PestManKill: [BaseWidget] emplace Size 22
[14:21:03] [warning] PestManKill: [BaseWidget] emplace Alpha 22
[14:21:03] [warning] PestManKill: [BaseWidget] emplace VisibleTag 22
[14:21:03] [warning] PestManKill: [BaseWidget] emplace Hierarchy 22
[14:21:03] [warning] PestManKill: [BaseWidget] mark dirty 22
[14:21:03] [warning] PestManKill: [BaseWidget] create 23 alias=pwdEdit
[14:21:03] [warning] PestManKill: [BaseWidget] emplace BaseInfo 23
[14:21:03] [warning] PestManKill: [BaseWidget] emplace Position 23
[14:21:03] [warning] PestManKill: [BaseWidget] emplace Size 23
[14:21:03] [warning] PestManKill: [BaseWidget] emplace Alpha 23
[14:21:03] [warning] PestManKill: [BaseWidget] emplace VisibleTag 23
[14:21:03] [warning] PestManKill: [BaseWidget] emplace Hierarchy 23
[14:21:03] [warning] PestManKill: [BaseWidget] mark dirty 23
[14:21:03] [warning] PestManKill: [BaseWidget] create 24 alias=multiEdit
[14:21:03] [warning] PestManKill: [BaseWidget] emplace BaseInfo 24
[14:21:03] [warning] PestManKill: [BaseWidget] emplace Position 24
[14:21:03] [warning] PestManKill: [BaseWidget] emplace Size 24
[14:21:03] [warning] PestManKill: [BaseWidget] emplace Alpha 24
[14:21:03] [warning] PestManKill: [BaseWidget] emplace VisibleTag 24
[14:21:03] [warning] PestManKill: [BaseWidget] emplace Hierarchy 24
[14:21:03] [warning] PestManKill: [BaseWidget] mark dirty 24
[14:21:03] [warning] PestManKill: [BaseWidget] create 25 alias=demoProgress
[14:21:03] [warning] PestManKill: [BaseWidget] emplace BaseInfo 25
[14:21:03] [warning] PestManKill: [BaseWidget] emplace Position 25
[14:21:03] [warning] PestManKill: [BaseWidget] emplace Size 25
[14:21:03] [warning] PestManKill: [BaseWidget] emplace Alpha 25
[14:21:03] [warning] PestManKill: [BaseWidget] emplace VisibleTag 25
[14:21:03] [warning] PestManKill: [BaseWidget] emplace Hierarchy 25
[14:21:03] [warning] PestManKill: [BaseWidget] mark dirty 25
[14:21:03] [warning] PestManKill: [BaseWidget] create 26 alias=hSlider
[14:21:03] [warning] PestManKill: [BaseWidget] emplace BaseInfo 26
[14:21:03] [warning] PestManKill: [BaseWidget] emplace Position 26
[14:21:03] [warning] PestManKill: [BaseWidget] emplace Size 26
[14:21:03] [warning] PestManKill: [BaseWidget] emplace Alpha 26
[14:21:03] [warning] PestManKill: [BaseWidget] emplace VisibleTag 26
[14:21:03] [warning] PestManKill: [BaseWidget] emplace Hierarchy 26
[14:21:03] [warning] PestManKill: [BaseWidget] mark dirty 26
[14:21:03] [warning] PestManKill: [BaseWidget] create 27 alias=vSliderRow
[14:21:03] [warning] PestManKill: [BaseWidget] emplace BaseInfo 27
[14:21:03] [warning] PestManKill: [BaseWidget] emplace Position 27
[14:21:03] [warning] PestManKill: [BaseWidget] emplace Size 27
[14:21:03] [warning] PestManKill: [BaseWidget] emplace Alpha 27
[14:21:03] [warning] PestManKill: [BaseWidget] emplace VisibleTag 27
[14:21:03] [warning] PestManKill: [BaseWidget] emplace Hierarchy 27
[14:21:03] [warning] PestManKill: [BaseWidget] mark dirty 27
[14:21:03] [warning] PestManKill: [BaseWidget] create 28 alias=vSliderLabel
[14:21:03] [warning] PestManKill: [BaseWidget] emplace BaseInfo 28
[14:21:03] [warning] PestManKill: [BaseWidget] emplace Position 28
[14:21:03] [warning] PestManKill: [BaseWidget] emplace Size 28
[14:21:03] [warning] PestManKill: [BaseWidget] emplace Alpha 28
[14:21:03] [warning] PestManKill: [BaseWidget] emplace VisibleTag 28
[14:21:03] [warning] PestManKill: [BaseWidget] emplace Hierarchy 28
[14:21:03] [warning] PestManKill: [BaseWidget] mark dirty 28
[14:21:03] [warning] PestManKill: [BaseWidget] create 29 alias=vSlider
[14:21:03] [warning] PestManKill: [BaseWidget] emplace BaseInfo 29
[14:21:03] [warning] PestManKill: [BaseWidget] emplace Position 29
[14:21:03] [warning] PestManKill: [BaseWidget] emplace Size 29
[14:21:03] [warning] PestManKill: [BaseWidget] emplace Alpha 29
[14:21:03] [warning] PestManKill: [BaseWidget] emplace VisibleTag 29
[14:21:03] [warning] PestManKill: [BaseWidget] emplace Hierarchy 29
[14:21:03] [warning] PestManKill: [BaseWidget] mark dirty 29
[14:21:03] [warning] PestManKill: [BaseWidget] create 30 alias=canvasPanel
[14:21:03] [warning] PestManKill: [BaseWidget] emplace BaseInfo 30
[14:21:03] [warning] PestManKill: [BaseWidget] emplace Position 30
[14:21:03] [warning] PestManKill: [BaseWidget] emplace Size 30
[14:21:03] [warning] PestManKill: [BaseWidget] emplace Alpha 30
[14:21:03] [warning] PestManKill: [BaseWidget] emplace VisibleTag 30
[14:21:03] [warning] PestManKill: [BaseWidget] emplace Hierarchy 30
[14:21:03] [warning] PestManKill: [BaseWidget] mark dirty 30
[14:21:03] [warning] PestManKill: [BaseWidget] create 31 alias=canvasTitle
[14:21:03] [warning] PestManKill: [BaseWidget] emplace BaseInfo 31
[14:21:03] [warning] PestManKill: [BaseWidget] emplace Position 31
[14:21:03] [warning] PestManKill: [BaseWidget] emplace Size 31
[14:21:03] [warning] PestManKill: [BaseWidget] emplace Alpha 31
[14:21:03] [warning] PestManKill: [BaseWidget] emplace VisibleTag 31
[14:21:03] [warning] PestManKill: [BaseWidget] emplace Hierarchy 31
[14:21:03] [warning] PestManKill: [BaseWidget] mark dirty 31
[14:21:03] [warning] PestManKill: [BaseWidget] create 32 alias=demoCanvas
[14:21:03] [warning] PestManKill: [BaseWidget] emplace BaseInfo 32
[14:21:03] [warning] PestManKill: [BaseWidget] emplace Position 32
[14:21:03] [warning] PestManKill: [BaseWidget] emplace Size 32
[14:21:03] [warning] PestManKill: [BaseWidget] emplace Alpha 32
[14:21:03] [warning] PestManKill: [BaseWidget] emplace VisibleTag 32
[14:21:03] [warning] PestManKill: [BaseWidget] emplace Hierarchy 32
[14:21:03] [warning] PestManKill: [BaseWidget] mark dirty 32
[14:21:03] [warning] PestManKill: [BaseWidget] create 33 alias=row2
[14:21:03] [warning] PestManKill: [BaseWidget] emplace BaseInfo 33
[14:21:03] [warning] PestManKill: [BaseWidget] emplace Position 33
[14:21:03] [warning] PestManKill: [BaseWidget] emplace Size 33
[14:21:03] [warning] PestManKill: [BaseWidget] emplace Alpha 33
[14:21:03] [warning] PestManKill: [BaseWidget] emplace VisibleTag 33
[14:21:03] [warning] PestManKill: [BaseWidget] emplace Hierarchy 33
[14:21:03] [warning] PestManKill: [BaseWidget] mark dirty 33
[14:21:03] [warning] PestManKill: [BaseWidget] create 34 alias=tablePanel
[14:21:03] [warning] PestManKill: [BaseWidget] emplace BaseInfo 34
[14:21:03] [warning] PestManKill: [BaseWidget] emplace Position 34
[14:21:03] [warning] PestManKill: [BaseWidget] emplace Size 34
[14:21:03] [warning] PestManKill: [BaseWidget] emplace Alpha 34
[14:21:03] [warning] PestManKill: [BaseWidget] emplace VisibleTag 34
[14:21:03] [warning] PestManKill: [BaseWidget] emplace Hierarchy 34
[14:21:03] [warning] PestManKill: [BaseWidget] mark dirty 34
[14:21:03] [warning] PestManKill: [BaseWidget] create 35 alias=tableTitle
[14:21:03] [warning] PestManKill: [BaseWidget] emplace BaseInfo 35
[14:21:04] [warning] PestManKill: [BaseWidget] emplace Position 35
[14:21:04] [warning] PestManKill: [BaseWidget] emplace Size 35
[14:21:04] [warning] PestManKill: [BaseWidget] emplace Alpha 35
[14:21:04] [warning] PestManKill: [BaseWidget] emplace VisibleTag 35
[14:21:04] [warning] PestManKill: [BaseWidget] emplace Hierarchy 35
[14:21:04] [warning] PestManKill: [BaseWidget] mark dirty 35
[14:21:04] [warning] PestManKill: [BaseWidget] create 36 alias=dataTable
[14:21:04] [warning] PestManKill: [BaseWidget] emplace BaseInfo 36
[14:21:04] [warning] PestManKill: [BaseWidget] emplace Position 36
[14:21:04] [warning] PestManKill: [BaseWidget] emplace Size 36
[14:21:04] [warning] PestManKill: [BaseWidget] emplace Alpha 36
[14:21:04] [warning] PestManKill: [BaseWidget] emplace VisibleTag 36
[14:21:04] [warning] PestManKill: [BaseWidget] emplace Hierarchy 36
[14:21:04] [warning] PestManKill: [BaseWidget] mark dirty 36
[14:21:04] [warning] PestManKill: [BaseWidget] create 37 alias=banBtn0
[14:21:04] [warning] PestManKill: [BaseWidget] emplace BaseInfo 37
[14:21:04] [warning] PestManKill: [BaseWidget] emplace Position 37
[14:21:04] [warning] PestManKill: [BaseWidget] emplace Size 37
[14:21:04] [warning] PestManKill: [BaseWidget] emplace Alpha 37
[14:21:04] [warning] PestManKill: [BaseWidget] emplace VisibleTag 37
[14:21:04] [warning] PestManKill: [BaseWidget] emplace Hierarchy 37
[14:21:04] [warning] PestManKill: [BaseWidget] mark dirty 37
[14:21:04] [warning] PestManKill: [BaseWidget] create 38 alias=banBtn1
[14:21:04] [warning] PestManKill: [BaseWidget] emplace BaseInfo 38
[14:21:04] [warning] PestManKill: [BaseWidget] emplace Position 38
[14:21:04] [warning] PestManKill: [BaseWidget] emplace Size 38
[14:21:04] [warning] PestManKill: [BaseWidget] emplace Alpha 38
[14:21:04] [warning] PestManKill: [BaseWidget] emplace VisibleTag 38
[14:21:04] [warning] PestManKill: [BaseWidget] emplace Hierarchy 38
[14:21:04] [warning] PestManKill: [BaseWidget] mark dirty 38
[14:21:04] [warning] PestManKill: [BaseWidget] create 39 alias=cb_row0
[14:21:04] [warning] PestManKill: [BaseWidget] emplace BaseInfo 39
[14:21:04] [warning] PestManKill: [BaseWidget] emplace Position 39
[14:21:04] [warning] PestManKill: [BaseWidget] emplace Size 39
[14:21:04] [warning] PestManKill: [BaseWidget] emplace Alpha 39
[14:21:04] [warning] PestManKill: [BaseWidget] emplace VisibleTag 39
[14:21:04] [warning] PestManKill: [BaseWidget] emplace Hierarchy 39
[14:21:04] [warning] PestManKill: [BaseWidget] mark dirty 39
[14:21:04] [warning] PestManKill: [BaseWidget] create 40 alias=cb_row1
[14:21:04] [warning] PestManKill: [BaseWidget] emplace BaseInfo 40
[14:21:04] [warning] PestManKill: [BaseWidget] emplace Position 40
[14:21:04] [warning] PestManKill: [BaseWidget] emplace Size 40
[14:21:04] [warning] PestManKill: [BaseWidget] emplace Alpha 40
[14:21:04] [warning] PestManKill: [BaseWidget] emplace VisibleTag 40
[14:21:04] [warning] PestManKill: [BaseWidget] emplace Hierarchy 40
[14:21:04] [warning] PestManKill: [BaseWidget] mark dirty 40
[14:21:04] [warning] PestManKill: [BaseWidget] create 41 alias=cb_row2
[14:21:04] [warning] PestManKill: [BaseWidget] emplace BaseInfo 41
[14:21:04] [warning] PestManKill: [BaseWidget] emplace Position 41
[14:21:04] [warning] PestManKill: [BaseWidget] emplace Size 41
[14:21:04] [warning] PestManKill: [BaseWidget] emplace Alpha 41
[14:21:04] [warning] PestManKill: [BaseWidget] emplace VisibleTag 41
[14:21:04] [warning] PestManKill: [BaseWidget] emplace Hierarchy 41
[14:21:04] [warning] PestManKill: [BaseWidget] mark dirty 41
[14:21:04] [warning] PestManKill: [BaseWidget] create 42 alias=cb_row3
[14:21:04] [warning] PestManKill: [BaseWidget] emplace BaseInfo 42
[14:21:04] [warning] PestManKill: [BaseWidget] emplace Position 42
[14:21:04] [warning] PestManKill: [BaseWidget] emplace Size 42
[14:21:04] [warning] PestManKill: [BaseWidget] emplace Alpha 42
[14:21:04] [warning] PestManKill: [BaseWidget] emplace VisibleTag 42
[14:21:04] [warning] PestManKill: [BaseWidget] emplace Hierarchy 42
[14:21:04] [warning] PestManKill: [BaseWidget] mark dirty 42
[14:21:04] [warning] PestManKill: [BaseWidget] create 43 alias=cb_row4
[14:21:04] [warning] PestManKill: [BaseWidget] emplace BaseInfo 43
[14:21:04] [warning] PestManKill: [BaseWidget] emplace Position 43
[14:21:04] [warning] PestManKill: [BaseWidget] emplace Size 43
[14:21:04] [warning] PestManKill: [BaseWidget] emplace Alpha 43
[14:21:04] [warning] PestManKill: [BaseWidget] emplace VisibleTag 43
[14:21:04] [warning] PestManKill: [BaseWidget] emplace Hierarchy 43
[14:21:04] [warning] PestManKill: [BaseWidget] mark dirty 43
[14:21:04] [warning] PestManKill: [BaseWidget] create 44 alias=cb_row5
[14:21:04] [warning] PestManKill: [BaseWidget] emplace BaseInfo 44
[14:21:04] [warning] PestManKill: [BaseWidget] emplace Position 44
[14:21:04] [warning] PestManKill: [BaseWidget] emplace Size 44
[14:21:04] [warning] PestManKill: [BaseWidget] emplace Alpha 44
[14:21:04] [warning] PestManKill: [BaseWidget] emplace VisibleTag 44
[14:21:04] [warning] PestManKill: [BaseWidget] emplace Hierarchy 44
[14:21:04] [warning] PestManKill: [BaseWidget] mark dirty 44
[14:21:04] [warning] PestManKill: [BaseWidget] create 45 alias=dd_row0
[14:21:04] [warning] PestManKill: [BaseWidget] emplace BaseInfo 45
[14:21:04] [warning] PestManKill: [BaseWidget] emplace Position 45
[14:21:04] [warning] PestManKill: [BaseWidget] emplace Size 45
[14:21:04] [warning] PestManKill: [BaseWidget] emplace Alpha 45
[14:21:04] [warning] PestManKill: [BaseWidget] emplace VisibleTag 45
[14:21:04] [warning] PestManKill: [BaseWidget] emplace Hierarchy 45
[14:21:04] [warning] PestManKill: [BaseWidget] mark dirty 45
[14:21:04] [warning] PestManKill: [BaseWidget] create 46 alias=dd_row1
[14:21:04] [warning] PestManKill: [BaseWidget] emplace BaseInfo 46
[14:21:04] [warning] PestManKill: [BaseWidget] emplace Position 46
[14:21:04] [warning] PestManKill: [BaseWidget] emplace Size 46
[14:21:04] [warning] PestManKill: [BaseWidget] emplace Alpha 46
[14:21:04] [warning] PestManKill: [BaseWidget] emplace VisibleTag 46
[14:21:04] [warning] PestManKill: [BaseWidget] emplace Hierarchy 46
[14:21:04] [warning] PestManKill: [BaseWidget] mark dirty 46
[14:21:04] [warning] PestManKill: [BaseWidget] create 47 alias=dd_row2
[14:21:04] [warning] PestManKill: [BaseWidget] emplace BaseInfo 47
[14:21:04] [warning] PestManKill: [BaseWidget] emplace Position 47
[14:21:04] [warning] PestManKill: [BaseWidget] emplace Size 47
[14:21:04] [warning] PestManKill: [BaseWidget] emplace Alpha 47
[14:21:04] [warning] PestManKill: [BaseWidget] emplace VisibleTag 47
[14:21:04] [warning] PestManKill: [BaseWidget] emplace Hierarchy 47
[14:21:04] [warning] PestManKill: [BaseWidget] mark dirty 47
[14:21:04] [warning] PestManKill: [BaseWidget] create 48 alias=dd_row3
[14:21:04] [warning] PestManKill: [BaseWidget] emplace BaseInfo 48
[14:21:04] [warning] PestManKill: [BaseWidget] emplace Position 48
[14:21:04] [warning] PestManKill: [BaseWidget] emplace Size 48
[14:21:04] [warning] PestManKill: [BaseWidget] emplace Alpha 48
[14:21:04] [warning] PestManKill: [BaseWidget] emplace VisibleTag 48
[14:21:04] [warning] PestManKill: [BaseWidget] emplace Hierarchy 48
[14:21:04] [warning] PestManKill: [BaseWidget] mark dirty 48
[14:21:04] [warning] PestManKill: [BaseWidget] create 49 alias=dd_row4
[14:21:04] [warning] PestManKill: [BaseWidget] emplace BaseInfo 49
[14:21:04] [warning] PestManKill: [BaseWidget] emplace Position 49
[14:21:04] [warning] PestManKill: [BaseWidget] emplace Size 49
[14:21:04] [warning] PestManKill: [BaseWidget] emplace Alpha 49
[14:21:04] [warning] PestManKill: [BaseWidget] emplace VisibleTag 49
[14:21:04] [warning] PestManKill: [BaseWidget] emplace Hierarchy 49
[14:21:04] [warning] PestManKill: [BaseWidget] mark dirty 49
[14:21:04] [warning] PestManKill: [BaseWidget] create 50 alias=dd_row5
[14:21:04] [warning] PestManKill: [BaseWidget] emplace BaseInfo 50
[14:21:04] [warning] PestManKill: [BaseWidget] emplace Position 50
[14:21:04] [warning] PestManKill: [BaseWidget] emplace Size 50
[14:21:04] [warning] PestManKill: [BaseWidget] emplace Alpha 50
[14:21:04] [warning] PestManKill: [BaseWidget] emplace VisibleTag 50
[14:21:04] [warning] PestManKill: [BaseWidget] emplace Hierarchy 50
[14:21:04] [warning] PestManKill: [BaseWidget] mark dirty 50
[14:21:04] [warning] PestManKill: [BaseWidget] create 51 alias=scrollPanel
[14:21:04] [warning] PestManKill: [BaseWidget] emplace BaseInfo 51
[14:21:04] [warning] PestManKill: [BaseWidget] emplace Position 51
[14:21:04] [warning] PestManKill: [BaseWidget] emplace Size 51
[14:21:04] [warning] PestManKill: [BaseWidget] emplace Alpha 51
[14:21:04] [warning] PestManKill: [BaseWidget] emplace VisibleTag 51
[14:21:04] [warning] PestManKill: [BaseWidget] emplace Hierarchy 51
[14:21:04] [warning] PestManKill: [BaseWidget] mark dirty 51
[14:21:04] [warning] PestManKill: [BaseWidget] create 52 alias=scrollTitle
[14:21:04] [warning] PestManKill: [BaseWidget] emplace BaseInfo 52
[14:21:04] [warning] PestManKill: [BaseWidget] emplace Position 52
[14:21:04] [warning] PestManKill: [BaseWidget] emplace Size 52
[14:21:04] [warning] PestManKill: [BaseWidget] emplace Alpha 52
[14:21:04] [warning] PestManKill: [BaseWidget] emplace VisibleTag 52
[14:21:04] [warning] PestManKill: [BaseWidget] emplace Hierarchy 52
[14:21:04] [warning] PestManKill: [BaseWidget] mark dirty 52
[14:21:04] [warning] PestManKill: [BaseWidget] create 53 alias=demoScroll
[14:21:04] [warning] PestManKill: [BaseWidget] emplace BaseInfo 53
[14:21:04] [warning] PestManKill: [BaseWidget] emplace Position 53
[14:21:04] [warning] PestManKill: [BaseWidget] emplace Size 53
[14:21:04] [warning] PestManKill: [BaseWidget] emplace Alpha 53
[14:21:04] [warning] PestManKill: [BaseWidget] emplace VisibleTag 53
[14:21:04] [warning] PestManKill: [BaseWidget] emplace Hierarchy 53
[14:21:04] [warning] PestManKill: [BaseWidget] mark dirty 53
[14:21:04] [warning] PestManKill: [BaseWidget] create 54 alias=scrollContent
[14:21:04] [warning] PestManKill: [BaseWidget] emplace BaseInfo 54
[14:21:04] [warning] PestManKill: [BaseWidget] emplace Position 54
[14:21:04] [warning] PestManKill: [BaseWidget] emplace Size 54
[14:21:04] [warning] PestManKill: [BaseWidget] emplace Alpha 54
[14:21:04] [warning] PestManKill: [BaseWidget] emplace VisibleTag 54
[14:21:04] [warning] PestManKill: [BaseWidget] emplace Hierarchy 54
[14:21:04] [warning] PestManKill: [BaseWidget] mark dirty 54
[14:21:04] [warning] PestManKill: [BaseWidget] create 55 alias=si1
[14:21:04] [warning] PestManKill: [BaseWidget] emplace BaseInfo 55
[14:21:04] [warning] PestManKill: [BaseWidget] emplace Position 55
[14:21:04] [warning] PestManKill: [BaseWidget] emplace Size 55
[14:21:04] [warning] PestManKill: [BaseWidget] emplace Alpha 55
[14:21:05] [warning] PestManKill: [BaseWidget] emplace VisibleTag 55
[14:21:05] [warning] PestManKill: [BaseWidget] emplace Hierarchy 55
[14:21:05] [warning] PestManKill: [BaseWidget] mark dirty 55
[14:21:05] [warning] PestManKill: [BaseWidget] create 56 alias=si2
[14:21:05] [warning] PestManKill: [BaseWidget] emplace BaseInfo 56
[14:21:05] [warning] PestManKill: [BaseWidget] emplace Position 56
[14:21:05] [warning] PestManKill: [BaseWidget] emplace Size 56
[14:21:05] [warning] PestManKill: [BaseWidget] emplace Alpha 56
[14:21:05] [warning] PestManKill: [BaseWidget] emplace VisibleTag 56
[14:21:05] [warning] PestManKill: [BaseWidget] emplace Hierarchy 56
[14:21:05] [warning] PestManKill: [BaseWidget] mark dirty 56
[14:21:05] [warning] PestManKill: [BaseWidget] create 57 alias=si3
[14:21:05] [warning] PestManKill: [BaseWidget] emplace BaseInfo 57
[14:21:05] [warning] PestManKill: [BaseWidget] emplace Position 57
[14:21:05] [warning] PestManKill: [BaseWidget] emplace Size 57
[14:21:05] [warning] PestManKill: [BaseWidget] emplace Alpha 57
[14:21:05] [warning] PestManKill: [BaseWidget] emplace VisibleTag 57
[14:21:05] [warning] PestManKill: [BaseWidget] emplace Hierarchy 57
[14:21:05] [warning] PestManKill: [BaseWidget] mark dirty 57
[14:21:05] [warning] PestManKill: [BaseWidget] create 58 alias=si4
[14:21:05] [warning] PestManKill: [BaseWidget] emplace BaseInfo 58
[14:21:05] [warning] PestManKill: [BaseWidget] emplace Position 58
[14:21:05] [warning] PestManKill: [BaseWidget] emplace Size 58
[14:21:05] [warning] PestManKill: [BaseWidget] emplace Alpha 58
[14:21:05] [warning] PestManKill: [BaseWidget] emplace VisibleTag 58
[14:21:05] [warning] PestManKill: [BaseWidget] emplace Hierarchy 58
[14:21:05] [warning] PestManKill: [BaseWidget] mark dirty 58
[14:21:05] [warning] PestManKill: [BaseWidget] create 59 alias=si5
[14:21:05] [warning] PestManKill: [BaseWidget] emplace BaseInfo 59
[14:21:05] [warning] PestManKill: [BaseWidget] emplace Position 59
[14:21:05] [warning] PestManKill: [BaseWidget] emplace Size 59
[14:21:05] [warning] PestManKill: [BaseWidget] emplace Alpha 59
[14:21:05] [warning] PestManKill: [BaseWidget] emplace VisibleTag 59
[14:21:05] [warning] PestManKill: [BaseWidget] emplace Hierarchy 59
[14:21:05] [warning] PestManKill: [BaseWidget] mark dirty 59
[14:21:05] [warning] PestManKill: [BaseWidget] create 60 alias=si6
[14:21:05] [warning] PestManKill: [BaseWidget] emplace BaseInfo 60
[14:21:05] [warning] PestManKill: [BaseWidget] emplace Position 60
[14:21:05] [warning] PestManKill: [BaseWidget] emplace Size 60
[14:21:05] [warning] PestManKill: [BaseWidget] emplace Alpha 60
[14:21:05] [warning] PestManKill: [BaseWidget] emplace VisibleTag 60
[14:21:05] [warning] PestManKill: [BaseWidget] emplace Hierarchy 60
[14:21:05] [warning] PestManKill: [BaseWidget] mark dirty 60
[14:21:05] [warning] PestManKill: [BaseWidget] create 61 alias=si7
[14:21:05] [warning] PestManKill: [BaseWidget] emplace BaseInfo 61
[14:21:05] [warning] PestManKill: [BaseWidget] emplace Position 61
[14:21:05] [warning] PestManKill: [BaseWidget] emplace Size 61
[14:21:05] [warning] PestManKill: [BaseWidget] emplace Alpha 61
[14:21:05] [warning] PestManKill: [BaseWidget] emplace VisibleTag 61
[14:21:05] [warning] PestManKill: [BaseWidget] emplace Hierarchy 61
[14:21:05] [warning] PestManKill: [BaseWidget] mark dirty 61
[14:21:05] [warning] PestManKill: [BaseWidget] create 62 alias=si8
[14:21:05] [warning] PestManKill: [BaseWidget] emplace BaseInfo 62
[14:21:05] [warning] PestManKill: [BaseWidget] emplace Position 62
[14:21:05] [warning] PestManKill: [BaseWidget] emplace Size 62
[14:21:05] [warning] PestManKill: [BaseWidget] emplace Alpha 62
[14:21:05] [warning] PestManKill: [BaseWidget] emplace VisibleTag 62
[14:21:05] [warning] PestManKill: [BaseWidget] emplace Hierarchy 62
[14:21:05] [warning] PestManKill: [BaseWidget] mark dirty 62
[14:21:05] [warning] PestManKill: [BaseWidget] create 63 alias=si9
[14:21:05] [warning] PestManKill: [BaseWidget] emplace BaseInfo 63
[14:21:05] [warning] PestManKill: [BaseWidget] emplace Position 63
[14:21:05] [warning] PestManKill: [BaseWidget] emplace Size 63
[14:21:05] [warning] PestManKill: [BaseWidget] emplace Alpha 63
[14:21:05] [warning] PestManKill: [BaseWidget] emplace VisibleTag 63
[14:21:05] [warning] PestManKill: [BaseWidget] emplace Hierarchy 63
[14:21:05] [warning] PestManKill: [BaseWidget] mark dirty 63
[14:21:05] [warning] PestManKill: [BaseWidget] create 64 alias=si10
[14:21:05] [warning] PestManKill: [BaseWidget] emplace BaseInfo 64
[14:21:05] [warning] PestManKill: [BaseWidget] emplace Position 64
[14:21:05] [warning] PestManKill: [BaseWidget] emplace Size 64
[14:21:05] [warning] PestManKill: [BaseWidget] emplace Alpha 64
[14:21:05] [warning] PestManKill: [BaseWidget] emplace VisibleTag 64
[14:21:05] [warning] PestManKill: [BaseWidget] emplace Hierarchy 64
[14:21:05] [warning] PestManKill: [BaseWidget] mark dirty 64
[14:21:05] [warning] PestManKill: [BaseWidget] create 65 alias=si11
[14:21:05] [warning] PestManKill: [BaseWidget] emplace BaseInfo 65
[14:21:05] [warning] PestManKill: [BaseWidget] emplace Position 65
[14:21:05] [warning] PestManKill: [BaseWidget] emplace Size 65
[14:21:05] [warning] PestManKill: [BaseWidget] emplace Alpha 65
[14:21:05] [warning] PestManKill: [BaseWidget] emplace VisibleTag 65
[14:21:05] [warning] PestManKill: [BaseWidget] emplace Hierarchy 65
[14:21:05] [warning] PestManKill: [BaseWidget] mark dirty 65
[14:21:05] [warning] PestManKill: [BaseWidget] create 66 alias=si12
[14:21:05] [warning] PestManKill: [BaseWidget] emplace BaseInfo 66
[14:21:05] [warning] PestManKill: [BaseWidget] emplace Position 66
[14:21:05] [warning] PestManKill: [BaseWidget] emplace Size 66
[14:21:05] [warning] PestManKill: [BaseWidget] emplace Alpha 66
[14:21:05] [warning] PestManKill: [BaseWidget] emplace VisibleTag 66
[14:21:05] [warning] PestManKill: [BaseWidget] emplace Hierarchy 66
[14:21:05] [warning] PestManKill: [BaseWidget] mark dirty 66
[14:21:05] [warning] PestManKill: [BaseWidget] create 67 alias=si13
[14:21:05] [warning] PestManKill: [BaseWidget] emplace BaseInfo 67
[14:21:05] [warning] PestManKill: [BaseWidget] emplace Position 67
[14:21:05] [warning] PestManKill: [BaseWidget] emplace Size 67
[14:21:05] [warning] PestManKill: [BaseWidget] emplace Alpha 67
[14:21:05] [warning] PestManKill: [BaseWidget] emplace VisibleTag 67
[14:21:05] [warning] PestManKill: [BaseWidget] emplace Hierarchy 67
[14:21:05] [warning] PestManKill: [BaseWidget] mark dirty 67
[14:21:05] [warning] PestManKill: [BaseWidget] create 68 alias=si14
[14:21:05] [warning] PestManKill: [BaseWidget] emplace BaseInfo 68
[14:21:05] [warning] PestManKill: [BaseWidget] emplace Position 68
[14:21:05] [warning] PestManKill: [BaseWidget] emplace Size 68
[14:21:05] [warning] PestManKill: [BaseWidget] emplace Alpha 68
[14:21:05] [warning] PestManKill: [BaseWidget] emplace VisibleTag 68
[14:21:05] [warning] PestManKill: [BaseWidget] emplace Hierarchy 68
[14:21:05] [warning] PestManKill: [BaseWidget] mark dirty 68
[14:21:05] [warning] PestManKill: [BaseWidget] create 69 alias=si15
[14:21:05] [warning] PestManKill: [BaseWidget] emplace BaseInfo 69
[14:21:05] [warning] PestManKill: [BaseWidget] emplace Position 69
[14:21:05] [warning] PestManKill: [BaseWidget] emplace Size 69
[14:21:05] [warning] PestManKill: [BaseWidget] emplace Alpha 69
[14:21:05] [warning] PestManKill: [BaseWidget] emplace VisibleTag 69
[14:21:05] [warning] PestManKill: [BaseWidget] emplace Hierarchy 69
[14:21:05] [warning] PestManKill: [BaseWidget] mark dirty 69
[14:21:05] [warning] PestManKill: [BaseWidget] create 70 alias=si16
[14:21:05] [warning] PestManKill: [BaseWidget] emplace BaseInfo 70
[14:21:05] [warning] PestManKill: [BaseWidget] emplace Position 70
[14:21:05] [warning] PestManKill: [BaseWidget] emplace Size 70
[14:21:05] [warning] PestManKill: [BaseWidget] emplace Alpha 70
[14:21:05] [warning] PestManKill: [BaseWidget] emplace VisibleTag 70
[14:21:05] [warning] PestManKill: [BaseWidget] emplace Hierarchy 70
[14:21:05] [warning] PestManKill: [BaseWidget] mark dirty 70
[14:21:05] [warning] PestManKill: [BaseWidget] create 71 alias=si17
[14:21:05] [warning] PestManKill: [BaseWidget] emplace BaseInfo 71
[14:21:05] [warning] PestManKill: [BaseWidget] emplace Position 71
[14:21:05] [warning] PestManKill: [BaseWidget] emplace Size 71
[14:21:05] [warning] PestManKill: [BaseWidget] emplace Alpha 71
[14:21:05] [warning] PestManKill: [BaseWidget] emplace VisibleTag 71
[14:21:05] [warning] PestManKill: [BaseWidget] emplace Hierarchy 71
[14:21:05] [warning] PestManKill: [BaseWidget] mark dirty 71
[14:21:05] [warning] PestManKill: [BaseWidget] create 72 alias=si18
[14:21:05] [warning] PestManKill: [BaseWidget] emplace BaseInfo 72
[14:21:05] [warning] PestManKill: [BaseWidget] emplace Position 72
[14:21:05] [warning] PestManKill: [BaseWidget] emplace Size 72
[14:21:05] [warning] PestManKill: [BaseWidget] emplace Alpha 72
[14:21:05] [warning] PestManKill: [BaseWidget] emplace VisibleTag 72
[14:21:05] [warning] PestManKill: [BaseWidget] emplace Hierarchy 72
[14:21:05] [warning] PestManKill: [BaseWidget] mark dirty 72
[14:21:05] [warning] PestManKill: [BaseWidget] create 73 alias=si19
[14:21:05] [warning] PestManKill: [BaseWidget] emplace BaseInfo 73
[14:21:05] [warning] PestManKill: [BaseWidget] emplace Position 73
[14:21:05] [warning] PestManKill: [BaseWidget] emplace Size 73
[14:21:05] [warning] PestManKill: [BaseWidget] emplace Alpha 73
[14:21:05] [warning] PestManKill: [BaseWidget] emplace VisibleTag 73
[14:21:05] [warning] PestManKill: [BaseWidget] emplace Hierarchy 73
[14:21:05] [warning] PestManKill: [BaseWidget] mark dirty 73
[14:21:05] [warning] PestManKill: [BaseWidget] create 74 alias=si20
[14:21:05] [warning] PestManKill: [BaseWidget] emplace BaseInfo 74
[14:21:05] [warning] PestManKill: [BaseWidget] emplace Position 74
[14:21:05] [warning] PestManKill: [BaseWidget] emplace Size 74
[14:21:05] [warning] PestManKill: [BaseWidget] emplace Alpha 74
[14:21:06] [warning] PestManKill: [BaseWidget] emplace VisibleTag 74
[14:21:06] [warning] PestManKill: [BaseWidget] emplace Hierarchy 74
[14:21:06] [warning] PestManKill: [BaseWidget] mark dirty 74
[14:21:06] [warning] PestManKill: [BaseWidget] create 75 alias=imagePanel
[14:21:06] [warning] PestManKill: [BaseWidget] emplace BaseInfo 75
[14:21:06] [warning] PestManKill: [BaseWidget] emplace Position 75
[14:21:06] [warning] PestManKill: [BaseWidget] emplace Size 75
[14:21:06] [warning] PestManKill: [BaseWidget] emplace Alpha 75
[14:21:06] [warning] PestManKill: [BaseWidget] emplace VisibleTag 75
[14:21:06] [warning] PestManKill: [BaseWidget] emplace Hierarchy 75
[14:21:06] [warning] PestManKill: [BaseWidget] mark dirty 75
[14:21:06] [warning] PestManKill: [BaseWidget] create 76 alias=imageTitle
[14:21:06] [warning] PestManKill: [BaseWidget] emplace BaseInfo 76
[14:21:06] [warning] PestManKill: [BaseWidget] emplace Position 76
[14:21:06] [warning] PestManKill: [BaseWidget] emplace Size 76
[14:21:06] [warning] PestManKill: [BaseWidget] emplace Alpha 76
[14:21:06] [warning] PestManKill: [BaseWidget] emplace VisibleTag 76
[14:21:06] [warning] PestManKill: [BaseWidget] emplace Hierarchy 76
[14:21:06] [warning] PestManKill: [BaseWidget] mark dirty 76
[14:21:06] [warning] PestManKill: [BaseWidget] create 77 alias=imageSupportLabel
[14:21:06] [warning] PestManKill: [BaseWidget] emplace BaseInfo 77
[14:21:07] [warning] PestManKill: [BaseWidget] emplace Position 77
[14:21:07] [warning] PestManKill: [BaseWidget] emplace Size 77
[14:21:07] [warning] PestManKill: [BaseWidget] emplace Alpha 77
[14:21:07] [warning] PestManKill: [BaseWidget] emplace VisibleTag 77
[14:21:07] [warning] PestManKill: [BaseWidget] emplace Hierarchy 77
[14:21:07] [warning] PestManKill: [BaseWidget] mark dirty 77
[14:21:07] [warning] PestManKill: [BaseWidget] create 78 alias=imageRow
[14:21:07] [warning] PestManKill: [BaseWidget] emplace BaseInfo 78
[14:21:07] [warning] PestManKill: [BaseWidget] emplace Position 78
[14:21:07] [warning] PestManKill: [BaseWidget] emplace Size 78
[14:21:07] [warning] PestManKill: [BaseWidget] emplace Alpha 78
[14:21:07] [warning] PestManKill: [BaseWidget] emplace VisibleTag 78
[14:21:07] [warning] PestManKill: [BaseWidget] emplace Hierarchy 78
[14:21:07] [warning] PestManKill: [BaseWidget] mark dirty 78
[14:21:07] [warning] PestManKill: [BaseWidget] create 79 alias=bmpCard
[14:21:07] [warning] PestManKill: [BaseWidget] emplace BaseInfo 79
[14:21:07] [warning] PestManKill: [BaseWidget] emplace Position 79
[14:21:07] [warning] PestManKill: [BaseWidget] emplace Size 79
[14:21:07] [warning] PestManKill: [BaseWidget] emplace Alpha 79
[14:21:07] [warning] PestManKill: [BaseWidget] emplace VisibleTag 79
[14:21:07] [warning] PestManKill: [BaseWidget] emplace Hierarchy 79
[14:21:07] [warning] PestManKill: [BaseWidget] mark dirty 79
[14:21:07] [warning] PestManKill: [BaseWidget] create 80 alias=bmpCard_image
[14:21:07] [warning] PestManKill: [BaseWidget] emplace BaseInfo 80
[14:21:07] [warning] PestManKill: [BaseWidget] emplace Position 80
[14:21:07] [warning] PestManKill: [BaseWidget] emplace Size 80
[14:21:07] [warning] PestManKill: [BaseWidget] emplace Alpha 80
[14:21:07] [warning] PestManKill: [BaseWidget] emplace VisibleTag 80
[14:21:07] [warning] PestManKill: [BaseWidget] emplace Hierarchy 80
[14:21:07] [warning] PestManKill: [BaseWidget] mark dirty 80
[14:21:07] [warning] PestManKill: [BaseWidget] create 81 alias=bmpCard_label
[14:21:07] [warning] PestManKill: [BaseWidget] emplace BaseInfo 81
[14:21:07] [warning] PestManKill: [BaseWidget] emplace Position 81
[14:21:07] [warning] PestManKill: [BaseWidget] emplace Size 81
[14:21:07] [warning] PestManKill: [BaseWidget] emplace Alpha 81
[14:21:07] [warning] PestManKill: [BaseWidget] emplace VisibleTag 81
[14:21:07] [warning] PestManKill: [BaseWidget] emplace Hierarchy 81
[14:21:07] [warning] PestManKill: [BaseWidget] mark dirty 81
[14:21:07] [warning] PestManKill: [BaseWidget] create 82 alias=jpegCard
[14:21:07] [warning] PestManKill: [BaseWidget] emplace BaseInfo 82
[14:21:07] [warning] PestManKill: [BaseWidget] emplace Position 82
[14:21:07] [warning] PestManKill: [BaseWidget] emplace Size 82
[14:21:07] [warning] PestManKill: [BaseWidget] emplace Alpha 82
[14:21:07] [warning] PestManKill: [BaseWidget] emplace VisibleTag 82
[14:21:07] [warning] PestManKill: [BaseWidget] emplace Hierarchy 82
[14:21:07] [warning] PestManKill: [BaseWidget] mark dirty 82
[14:21:07] [warning] PestManKill: [BaseWidget] create 83 alias=jpegCard_image
[14:21:07] [warning] PestManKill: [BaseWidget] emplace BaseInfo 83
[14:21:07] [warning] PestManKill: [BaseWidget] emplace Position 83
[14:21:07] [warning] PestManKill: [BaseWidget] emplace Size 83
[14:21:07] [warning] PestManKill: [BaseWidget] emplace Alpha 83
[14:21:07] [warning] PestManKill: [BaseWidget] emplace VisibleTag 83
[14:21:07] [warning] PestManKill: [BaseWidget] emplace Hierarchy 83
[14:21:07] [warning] PestManKill: [BaseWidget] mark dirty 83
[14:21:07] [warning] PestManKill: [BaseWidget] create 84 alias=jpegCard_label
[14:21:07] [warning] PestManKill: [BaseWidget] emplace BaseInfo 84
[14:21:07] [warning] PestManKill: [BaseWidget] emplace Position 84
[14:21:07] [warning] PestManKill: [BaseWidget] emplace Size 84
[14:21:07] [warning] PestManKill: [BaseWidget] emplace Alpha 84
[14:21:07] [warning] PestManKill: [BaseWidget] emplace VisibleTag 84
[14:21:07] [warning] PestManKill: [BaseWidget] emplace Hierarchy 84
[14:21:07] [warning] PestManKill: [BaseWidget] mark dirty 84
[14:21:07] [warning] PestManKill: [BaseWidget] create 85 alias=pngCard
[14:21:07] [warning] PestManKill: [BaseWidget] emplace BaseInfo 85
[14:21:07] [warning] PestManKill: [BaseWidget] emplace Position 85
[14:21:07] [warning] PestManKill: [BaseWidget] emplace Size 85
[14:21:07] [warning] PestManKill: [BaseWidget] emplace Alpha 85
[14:21:07] [warning] PestManKill: [BaseWidget] emplace VisibleTag 85
[14:21:07] [warning] PestManKill: [BaseWidget] emplace Hierarchy 85
[14:21:07] [warning] PestManKill: [BaseWidget] mark dirty 85
[14:21:07] [warning] PestManKill: [BaseWidget] create 86 alias=pngCard_image
[14:21:07] [warning] PestManKill: [BaseWidget] emplace BaseInfo 86
[14:21:07] [warning] PestManKill: [BaseWidget] emplace Position 86
[14:21:07] [warning] PestManKill: [BaseWidget] emplace Size 86
[14:21:07] [warning] PestManKill: [BaseWidget] emplace Alpha 86
[14:21:07] [warning] PestManKill: [BaseWidget] emplace VisibleTag 86
[14:21:07] [warning] PestManKill: [BaseWidget] emplace Hierarchy 86
[14:21:07] [warning] PestManKill: [BaseWidget] mark dirty 86
[14:21:07] [warning] PestManKill: [BaseWidget] create 87 alias=pngCard_label
[14:21:07] [warning] PestManKill: [BaseWidget] emplace BaseInfo 87
[14:21:07] [warning] PestManKill: [BaseWidget] emplace Position 87
[14:21:07] [warning] PestManKill: [BaseWidget] emplace Size 87
[14:21:07] [warning] PestManKill: [BaseWidget] emplace Alpha 87
[14:21:07] [warning] PestManKill: [BaseWidget] emplace VisibleTag 87
[14:21:07] [warning] PestManKill: [BaseWidget] emplace Hierarchy 87
[14:21:07] [warning] PestManKill: [BaseWidget] mark dirty 87
[14:21:07] [warning] PestManKill: [BaseWidget] create 88 alias=imageUnsupportedLabel
[14:21:07] [warning] PestManKill: [BaseWidget] emplace BaseInfo 88
[14:21:07] [warning] PestManKill: [BaseWidget] emplace Position 88
[14:21:07] [warning] PestManKill: [BaseWidget] emplace Size 88
[14:21:07] [warning] PestManKill: [BaseWidget] emplace Alpha 88
[14:21:07] [warning] PestManKill: [BaseWidget] emplace VisibleTag 88
[14:21:07] [warning] PestManKill: [BaseWidget] emplace Hierarchy 88
[14:21:07] [warning] PestManKill: [BaseWidget] mark dirty 88
[14:21:07] [warning] PestManKill: [BaseWidget] create 89 alias=imageNoteLabel
[14:21:07] [warning] PestManKill: [BaseWidget] emplace BaseInfo 89
[14:21:07] [warning] PestManKill: [BaseWidget] emplace Position 89
[14:21:07] [warning] PestManKill: [BaseWidget] emplace Size 89
[14:21:07] [warning] PestManKill: [BaseWidget] emplace Alpha 89
[14:21:07] [warning] PestManKill: [BaseWidget] emplace VisibleTag 89
[14:21:07] [warning] PestManKill: [BaseWidget] emplace Hierarchy 89
[14:21:07] [warning] PestManKill: [BaseWidget] mark dirty 89
[14:21:07] [warning] PestManKill: [BaseWidget] create 90 alias=row3
[14:21:07] [warning] PestManKill: [BaseWidget] emplace BaseInfo 90
[14:21:07] [warning] PestManKill: [BaseWidget] emplace Position 90
[14:21:07] [warning] PestManKill: [BaseWidget] emplace Size 90
[14:21:07] [warning] PestManKill: [BaseWidget] emplace Alpha 90
[14:21:07] [warning] PestManKill: [BaseWidget] emplace VisibleTag 90
[14:21:07] [warning] PestManKill: [BaseWidget] emplace Hierarchy 90
[14:21:07] [warning] PestManKill: [BaseWidget] mark dirty 90
[14:21:07] [warning] PestManKill: [BaseWidget] create 91 alias=chatPanel
[14:21:07] [warning] PestManKill: [BaseWidget] emplace BaseInfo 91
[14:21:07] [warning] PestManKill: [BaseWidget] emplace Position 91
[14:21:07] [warning] PestManKill: [BaseWidget] emplace Size 91
[14:21:07] [warning] PestManKill: [BaseWidget] emplace Alpha 91
[14:21:07] [warning] PestManKill: [BaseWidget] emplace VisibleTag 91
[14:21:07] [warning] PestManKill: [BaseWidget] emplace Hierarchy 91
[14:21:07] [warning] PestManKill: [BaseWidget] mark dirty 91
[14:21:07] [warning] PestManKill: [BaseWidget] create 92 alias=chatTitle
[14:21:07] [warning] PestManKill: [BaseWidget] emplace BaseInfo 92
[14:21:07] [warning] PestManKill: [BaseWidget] emplace Position 92
[14:21:08] [warning] PestManKill: [BaseWidget] emplace Size 92
[14:21:08] [warning] PestManKill: [BaseWidget] emplace Alpha 92
[14:21:08] [warning] PestManKill: [BaseWidget] emplace VisibleTag 92
[14:21:08] [warning] PestManKill: [BaseWidget] emplace Hierarchy 92
[14:21:08] [warning] PestManKill: [BaseWidget] mark dirty 92
[14:21:08] [warning] PestManKill: [BaseWidget] create 93 alias=msgArea
[14:21:08] [warning] PestManKill: [BaseWidget] emplace BaseInfo 93
[14:21:08] [warning] PestManKill: [BaseWidget] emplace Position 93
[14:21:08] [warning] PestManKill: [BaseWidget] emplace Size 93
[14:21:08] [warning] PestManKill: [BaseWidget] emplace Alpha 93
[14:21:08] [warning] PestManKill: [BaseWidget] emplace VisibleTag 93
[14:21:08] [warning] PestManKill: [BaseWidget] emplace Hierarchy 93
[14:21:08] [warning] PestManKill: [BaseWidget] mark dirty 93
[14:21:08] [warning] PestManKill: [BaseWidget] create 94 alias=chatInputRow
[14:21:08] [warning] PestManKill: [BaseWidget] emplace BaseInfo 94
[14:21:08] [warning] PestManKill: [BaseWidget] emplace Position 94
[14:21:08] [warning] PestManKill: [BaseWidget] emplace Size 94
[14:21:08] [warning] PestManKill: [BaseWidget] emplace Alpha 94
[14:21:08] [warning] PestManKill: [BaseWidget] emplace VisibleTag 94
[14:21:08] [warning] PestManKill: [BaseWidget] emplace Hierarchy 94
[14:21:08] [warning] PestManKill: [BaseWidget] mark dirty 94
[14:21:08] [warning] PestManKill: [BaseWidget] create 95 alias=chatInput
[14:21:08] [warning] PestManKill: [BaseWidget] emplace BaseInfo 95
[14:21:08] [warning] PestManKill: [BaseWidget] emplace Position 95
[14:21:08] [warning] PestManKill: [BaseWidget] emplace Size 95
[14:21:08] [warning] PestManKill: [BaseWidget] emplace Alpha 95
[14:21:08] [warning] PestManKill: [BaseWidget] emplace VisibleTag 95
[14:21:08] [warning] PestManKill: [BaseWidget] emplace Hierarchy 95
[14:21:08] [warning] PestManKill: [BaseWidget] mark dirty 95
[14:21:08] [warning] PestManKill: [BaseWidget] create 96 alias=sendBtn
[14:21:08] [warning] PestManKill: [BaseWidget] emplace BaseInfo 96
[14:21:08] [warning] PestManKill: [BaseWidget] emplace Position 96
[14:21:08] [warning] PestManKill: [BaseWidget] emplace Size 96
[14:21:08] [warning] PestManKill: [BaseWidget] emplace Alpha 96
[14:21:08] [warning] PestManKill: [BaseWidget] emplace VisibleTag 96
[14:21:08] [warning] PestManKill: [BaseWidget] emplace Hierarchy 96
[14:21:08] [warning] PestManKill: [BaseWidget] mark dirty 96
[14:21:08] [warning] PestManKill: [BaseWidget] create 97 alias=row4
[14:21:08] [warning] PestManKill: [BaseWidget] emplace BaseInfo 97
[14:21:08] [warning] PestManKill: [BaseWidget] emplace Position 97
[14:21:08] [warning] PestManKill: [BaseWidget] emplace Size 97
[14:21:08] [warning] PestManKill: [BaseWidget] emplace Alpha 97
[14:21:08] [warning] PestManKill: [BaseWidget] emplace VisibleTag 97
[14:21:08] [warning] PestManKill: [BaseWidget] emplace Hierarchy 97
[14:21:08] [warning] PestManKill: [BaseWidget] mark dirty 97
[14:21:08] [warning] PestManKill: [BaseWidget] create 98 alias=animPanel
[14:21:08] [warning] PestManKill: [BaseWidget] emplace BaseInfo 98
[14:21:08] [warning] PestManKill: [BaseWidget] emplace Position 98
[14:21:08] [warning] PestManKill: [BaseWidget] emplace Size 98
[14:21:08] [warning] PestManKill: [BaseWidget] emplace Alpha 98
[14:21:08] [warning] PestManKill: [BaseWidget] emplace VisibleTag 98
[14:21:08] [warning] PestManKill: [BaseWidget] emplace Hierarchy 98
[14:21:08] [warning] PestManKill: [BaseWidget] mark dirty 98
[14:21:08] [warning] PestManKill: [BaseWidget] create 99 alias=animTitle
[14:21:08] [warning] PestManKill: [BaseWidget] emplace BaseInfo 99
[14:21:08] [warning] PestManKill: [BaseWidget] emplace Position 99
[14:21:08] [warning] PestManKill: [BaseWidget] emplace Size 99
[14:21:08] [warning] PestManKill: [BaseWidget] emplace Alpha 99
[14:21:08] [warning] PestManKill: [BaseWidget] emplace VisibleTag 99
[14:21:08] [warning] PestManKill: [BaseWidget] emplace Hierarchy 99
[14:21:08] [warning] PestManKill: [BaseWidget] mark dirty 99
[14:21:08] [warning] PestManKill: [BaseWidget] create 100 alias=animDemoRow
[14:21:08] [warning] PestManKill: [BaseWidget] emplace BaseInfo 100
[14:21:08] [warning] PestManKill: [BaseWidget] emplace Position 100
[14:21:08] [warning] PestManKill: [BaseWidget] emplace Size 100
[14:21:08] [warning] PestManKill: [BaseWidget] emplace Alpha 100
[14:21:08] [warning] PestManKill: [BaseWidget] emplace VisibleTag 100
[14:21:08] [warning] PestManKill: [BaseWidget] emplace Hierarchy 100
[14:21:08] [warning] PestManKill: [BaseWidget] mark dirty 100
[14:21:08] [warning] PestManKill: [BaseWidget] create 101 alias=animItem_alpha
[14:21:08] [warning] PestManKill: [BaseWidget] emplace BaseInfo 101
[14:21:08] [warning] PestManKill: [BaseWidget] emplace Position 101
[14:21:08] [warning] PestManKill: [BaseWidget] emplace Size 101
[14:21:08] [warning] PestManKill: [BaseWidget] emplace Alpha 101
[14:21:08] [warning] PestManKill: [BaseWidget] emplace VisibleTag 101
[14:21:08] [warning] PestManKill: [BaseWidget] emplace Hierarchy 101
[14:21:08] [warning] PestManKill: [BaseWidget] mark dirty 101
[14:21:08] [warning] PestManKill: [BaseWidget] create 102 alias=animBox_alpha
[14:21:08] [warning] PestManKill: [BaseWidget] emplace BaseInfo 102
[14:21:08] [warning] PestManKill: [BaseWidget] emplace Position 102
[14:21:08] [warning] PestManKill: [BaseWidget] emplace Size 102
[14:21:08] [warning] PestManKill: [BaseWidget] emplace Alpha 102
[14:21:08] [warning] PestManKill: [BaseWidget] emplace VisibleTag 102
[14:21:08] [warning] PestManKill: [BaseWidget] emplace Hierarchy 102
[14:21:08] [warning] PestManKill: [BaseWidget] mark dirty 102
[14:21:08] [warning] PestManKill: [BaseWidget] create 103 alias=animAlphaBtnRow
[14:21:08] [warning] PestManKill: [BaseWidget] emplace BaseInfo 103
[14:21:08] [warning] PestManKill: [BaseWidget] emplace Position 103
[14:21:08] [warning] PestManKill: [BaseWidget] emplace Size 103
[14:21:08] [warning] PestManKill: [BaseWidget] emplace Alpha 103
[14:21:08] [warning] PestManKill: [BaseWidget] emplace VisibleTag 103
[14:21:08] [warning] PestManKill: [BaseWidget] emplace Hierarchy 103
[14:21:08] [warning] PestManKill: [BaseWidget] mark dirty 103
[14:21:08] [warning] PestManKill: [BaseWidget] create 104 alias=animFadeOutBtn
[14:21:08] [warning] PestManKill: [BaseWidget] emplace BaseInfo 104
[14:21:08] [warning] PestManKill: [BaseWidget] emplace Position 104
[14:21:08] [warning] PestManKill: [BaseWidget] emplace Size 104
[14:21:08] [warning] PestManKill: [BaseWidget] emplace Alpha 104
[14:21:08] [warning] PestManKill: [BaseWidget] emplace VisibleTag 104
[14:21:08] [warning] PestManKill: [BaseWidget] emplace Hierarchy 104
[14:21:08] [warning] PestManKill: [BaseWidget] mark dirty 104
[14:21:08] [warning] PestManKill: [BaseWidget] create 105 alias=animFadeInBtn
[14:21:08] [warning] PestManKill: [BaseWidget] emplace BaseInfo 105
[14:21:08] [warning] PestManKill: [BaseWidget] emplace Position 105
[14:21:08] [warning] PestManKill: [BaseWidget] emplace Size 105
[14:21:08] [warning] PestManKill: [BaseWidget] emplace Alpha 105
[14:21:08] [warning] PestManKill: [BaseWidget] emplace VisibleTag 105
[14:21:08] [warning] PestManKill: [BaseWidget] emplace Hierarchy 105
[14:21:08] [warning] PestManKill: [BaseWidget] mark dirty 105
[14:21:08] [warning] PestManKill: [BaseWidget] create 106 alias=animItem_slide
[14:21:08] [warning] PestManKill: [BaseWidget] emplace BaseInfo 106
[14:21:08] [warning] PestManKill: [BaseWidget] emplace Position 106
[14:21:08] [warning] PestManKill: [BaseWidget] emplace Size 106
[14:21:08] [warning] PestManKill: [BaseWidget] emplace Alpha 106
[14:21:08] [warning] PestManKill: [BaseWidget] emplace VisibleTag 106
[14:21:08] [warning] PestManKill: [BaseWidget] emplace Hierarchy 106
[14:21:08] [warning] PestManKill: [BaseWidget] mark dirty 106
[14:21:08] [warning] PestManKill: [BaseWidget] create 107 alias=animBox_slide
[14:21:08] [warning] PestManKill: [BaseWidget] emplace BaseInfo 107
[14:21:08] [warning] PestManKill: [BaseWidget] emplace Position 107
[14:21:08] [warning] PestManKill: [BaseWidget] emplace Size 107
[14:21:08] [warning] PestManKill: [BaseWidget] emplace Alpha 107
[14:21:08] [warning] PestManKill: [BaseWidget] emplace VisibleTag 107
[14:21:08] [warning] PestManKill: [BaseWidget] emplace Hierarchy 107
[14:21:08] [warning] PestManKill: [BaseWidget] mark dirty 107
[14:21:08] [warning] PestManKill: [BaseWidget] create 108 alias=animSlideBtnRow
[14:21:08] [warning] PestManKill: [BaseWidget] emplace BaseInfo 108
[14:21:08] [warning] PestManKill: [BaseWidget] emplace Position 108
[14:21:08] [warning] PestManKill: [BaseWidget] emplace Size 108
[14:21:08] [warning] PestManKill: [BaseWidget] emplace Alpha 108
[14:21:08] [warning] PestManKill: [BaseWidget] emplace VisibleTag 108
[14:21:08] [warning] PestManKill: [BaseWidget] emplace Hierarchy 108
[14:21:08] [warning] PestManKill: [BaseWidget] mark dirty 108
[14:21:08] [warning] PestManKill: [BaseWidget] create 109 alias=animSlideLeftBtn
[14:21:08] [warning] PestManKill: [BaseWidget] emplace BaseInfo 109
[14:21:08] [warning] PestManKill: [BaseWidget] emplace Position 109
[14:21:08] [warning] PestManKill: [BaseWidget] emplace Size 109
[14:21:08] [warning] PestManKill: [BaseWidget] emplace Alpha 109
[14:21:08] [warning] PestManKill: [BaseWidget] emplace VisibleTag 109
[14:21:08] [warning] PestManKill: [BaseWidget] emplace Hierarchy 109
[14:21:08] [warning] PestManKill: [BaseWidget] mark dirty 109
[14:21:08] [warning] PestManKill: [BaseWidget] create 110 alias=animSlideRightBtn
[14:21:08] [warning] PestManKill: [BaseWidget] emplace BaseInfo 110
[14:21:08] [warning] PestManKill: [BaseWidget] emplace Position 110
[14:21:08] [warning] PestManKill: [BaseWidget] emplace Size 110
[14:21:08] [warning] PestManKill: [BaseWidget] emplace Alpha 110
[14:21:08] [warning] PestManKill: [BaseWidget] emplace VisibleTag 110
[14:21:08] [warning] PestManKill: [BaseWidget] emplace Hierarchy 110
[14:21:08] [warning] PestManKill: [BaseWidget] mark dirty 110
[14:21:08] [warning] PestManKill: [BaseWidget] create 111 alias=animItem_scale
[14:21:08] [warning] PestManKill: [BaseWidget] emplace BaseInfo 111
[14:21:08] [warning] PestManKill: [BaseWidget] emplace Position 111
[14:21:08] [warning] PestManKill: [BaseWidget] emplace Size 111
[14:21:08] [warning] PestManKill: [BaseWidget] emplace Alpha 111
[14:21:08] [warning] PestManKill: [BaseWidget] emplace VisibleTag 111
[14:21:08] [warning] PestManKill: [BaseWidget] emplace Hierarchy 111
[14:21:08] [warning] PestManKill: [BaseWidget] mark dirty 111
[14:21:08] [warning] PestManKill: [BaseWidget] create 112 alias=animBox_scale
[14:21:08] [warning] PestManKill: [BaseWidget] emplace BaseInfo 112
[14:21:08] [warning] PestManKill: [BaseWidget] emplace Position 112
[14:21:08] [warning] PestManKill: [BaseWidget] emplace Size 112
[14:21:08] [warning] PestManKill: [BaseWidget] emplace Alpha 112
[14:21:08] [warning] PestManKill: [BaseWidget] emplace VisibleTag 112
[14:21:08] [warning] PestManKill: [BaseWidget] emplace Hierarchy 112
[14:21:08] [warning] PestManKill: [BaseWidget] mark dirty 112
[14:21:08] [warning] PestManKill: [BaseWidget] create 113 alias=animScaleBtnRow
[14:21:08] [warning] PestManKill: [BaseWidget] emplace BaseInfo 113
[14:21:08] [warning] PestManKill: [BaseWidget] emplace Position 113
[14:21:08] [warning] PestManKill: [BaseWidget] emplace Size 113
[14:21:08] [warning] PestManKill: [BaseWidget] emplace Alpha 113
[14:21:08] [warning] PestManKill: [BaseWidget] emplace VisibleTag 113
[14:21:08] [warning] PestManKill: [BaseWidget] emplace Hierarchy 113
[14:21:08] [warning] PestManKill: [BaseWidget] mark dirty 113
[14:21:08] [warning] PestManKill: [BaseWidget] create 114 alias=animScaleUpBtn
[14:21:08] [warning] PestManKill: [BaseWidget] emplace BaseInfo 114
[14:21:08] [warning] PestManKill: [BaseWidget] emplace Position 114
[14:21:08] [warning] PestManKill: [BaseWidget] emplace Size 114
[14:21:08] [warning] PestManKill: [BaseWidget] emplace Alpha 114
[14:21:08] [warning] PestManKill: [BaseWidget] emplace VisibleTag 114
[14:21:08] [warning] PestManKill: [BaseWidget] emplace Hierarchy 114
[14:21:08] [warning] PestManKill: [BaseWidget] mark dirty 114
[14:21:08] [warning] PestManKill: [BaseWidget] create 115 alias=animScaleDownBtn
[14:21:08] [warning] PestManKill: [BaseWidget] emplace BaseInfo 115
[14:21:08] [warning] PestManKill: [BaseWidget] emplace Position 115
[14:21:08] [warning] PestManKill: [BaseWidget] emplace Size 115
[14:21:08] [warning] PestManKill: [BaseWidget] emplace Alpha 115
[14:21:08] [warning] PestManKill: [BaseWidget] emplace VisibleTag 115
[14:21:08] [warning] PestManKill: [BaseWidget] emplace Hierarchy 115
[14:21:08] [warning] PestManKill: [BaseWidget] mark dirty 115
[14:21:08] [warning] PestManKill: [BaseWidget] create 116 alias=animItem_color
[14:21:08] [warning] PestManKill: [BaseWidget] emplace BaseInfo 116
[14:21:08] [warning] PestManKill: [BaseWidget] emplace Position 116
[14:21:08] [warning] PestManKill: [BaseWidget] emplace Size 116
[14:21:08] [warning] PestManKill: [BaseWidget] emplace Alpha 116
[14:21:08] [warning] PestManKill: [BaseWidget] emplace VisibleTag 116
[14:21:08] [warning] PestManKill: [BaseWidget] emplace Hierarchy 116
[14:21:08] [warning] PestManKill: [BaseWidget] mark dirty 116
[14:21:08] [warning] PestManKill: [BaseWidget] create 117 alias=animBox_color
[14:21:08] [warning] PestManKill: [BaseWidget] emplace BaseInfo 117
[14:21:08] [warning] PestManKill: [BaseWidget] emplace Position 117
[14:21:08] [warning] PestManKill: [BaseWidget] emplace Size 117
[14:21:08] [warning] PestManKill: [BaseWidget] emplace Alpha 117
[14:21:08] [warning] PestManKill: [BaseWidget] emplace VisibleTag 117
[14:21:08] [warning] PestManKill: [BaseWidget] emplace Hierarchy 117
[14:21:08] [warning] PestManKill: [BaseWidget] mark dirty 117
[14:21:08] [warning] PestManKill: [BaseWidget] create 118 alias=animColorBtnRow
[14:21:08] [warning] PestManKill: [BaseWidget] emplace BaseInfo 118
[14:21:08] [warning] PestManKill: [BaseWidget] emplace Position 118
[14:21:08] [warning] PestManKill: [BaseWidget] emplace Size 118
[14:21:08] [warning] PestManKill: [BaseWidget] emplace Alpha 118
[14:21:08] [warning] PestManKill: [BaseWidget] emplace VisibleTag 118
[14:21:08] [warning] PestManKill: [BaseWidget] emplace Hierarchy 118
[14:21:08] [warning] PestManKill: [BaseWidget] mark dirty 118
[14:21:08] [warning] PestManKill: [BaseWidget] create 119 alias=animColorBlueBtn
[14:21:08] [warning] PestManKill: [BaseWidget] emplace BaseInfo 119
[14:21:08] [warning] PestManKill: [BaseWidget] emplace Position 119
[14:21:08] [warning] PestManKill: [BaseWidget] emplace Size 119
[14:21:08] [warning] PestManKill: [BaseWidget] emplace Alpha 119
[14:21:08] [warning] PestManKill: [BaseWidget] emplace VisibleTag 119
[14:21:08] [warning] PestManKill: [BaseWidget] emplace Hierarchy 119
[14:21:08] [warning] PestManKill: [BaseWidget] mark dirty 119
[14:21:08] [warning] PestManKill: [BaseWidget] create 120 alias=animColorOrangeBtn
[14:21:08] [warning] PestManKill: [BaseWidget] emplace BaseInfo 120
[14:21:08] [warning] PestManKill: [BaseWidget] emplace Position 120
[14:21:08] [warning] PestManKill: [BaseWidget] emplace Size 120
[14:21:08] [warning] PestManKill: [BaseWidget] emplace Alpha 120
[14:21:08] [warning] PestManKill: [BaseWidget] emplace VisibleTag 120
[14:21:08] [warning] PestManKill: [BaseWidget] emplace Hierarchy 120
[14:21:08] [warning] PestManKill: [BaseWidget] mark dirty 120
[14:21:08] [warning] PestManKill: [BaseWidget] create 121 alias=animItem_loop
[14:21:08] [warning] PestManKill: [BaseWidget] emplace BaseInfo 121
[14:21:08] [warning] PestManKill: [BaseWidget] emplace Position 121
[14:21:08] [warning] PestManKill: [BaseWidget] emplace Size 121
[14:21:08] [warning] PestManKill: [BaseWidget] emplace Alpha 121
[14:21:08] [warning] PestManKill: [BaseWidget] emplace VisibleTag 121
[14:21:08] [warning] PestManKill: [BaseWidget] emplace Hierarchy 121
[14:21:08] [warning] PestManKill: [BaseWidget] mark dirty 121
[14:21:08] [warning] PestManKill: [BaseWidget] create 122 alias=animBox_loop
[14:21:08] [warning] PestManKill: [BaseWidget] emplace BaseInfo 122
[14:21:08] [warning] PestManKill: [BaseWidget] emplace Position 122
[14:21:08] [warning] PestManKill: [BaseWidget] emplace Size 122
[14:21:08] [warning] PestManKill: [BaseWidget] emplace Alpha 122
[14:21:08] [warning] PestManKill: [BaseWidget] emplace VisibleTag 122
[14:21:08] [warning] PestManKill: [BaseWidget] emplace Hierarchy 122
[14:21:08] [warning] PestManKill: [BaseWidget] mark dirty 122
[14:21:08] [warning] PestManKill: [BaseWidget] create 123 alias=animLoopBtnRow
[14:21:08] [warning] PestManKill: [BaseWidget] emplace BaseInfo 123
[14:21:08] [warning] PestManKill: [BaseWidget] emplace Position 123
[14:21:08] [warning] PestManKill: [BaseWidget] emplace Size 123
[14:21:08] [warning] PestManKill: [BaseWidget] emplace Alpha 123
[14:21:08] [warning] PestManKill: [BaseWidget] emplace VisibleTag 123
[14:21:08] [warning] PestManKill: [BaseWidget] emplace Hierarchy 123
[14:21:08] [warning] PestManKill: [BaseWidget] mark dirty 123
[14:21:08] [warning] PestManKill: [BaseWidget] create 124 alias=animLoopStartBtn
[14:21:08] [warning] PestManKill: [BaseWidget] emplace BaseInfo 124
[14:21:08] [warning] PestManKill: [BaseWidget] emplace Position 124
[14:21:08] [warning] PestManKill: [BaseWidget] emplace Size 124
[14:21:08] [warning] PestManKill: [BaseWidget] emplace Alpha 124
[14:21:08] [warning] PestManKill: [BaseWidget] emplace VisibleTag 124
[14:21:08] [warning] PestManKill: [BaseWidget] emplace Hierarchy 124
[14:21:08] [warning] PestManKill: [BaseWidget] mark dirty 124
[14:21:08] [warning] PestManKill: [BaseWidget] create 125 alias=animLoopStopBtn
[14:21:08] [warning] PestManKill: [BaseWidget] emplace BaseInfo 125
[14:21:08] [warning] PestManKill: [BaseWidget] emplace Position 125
[14:21:08] [warning] PestManKill: [BaseWidget] emplace Size 125
[14:21:08] [warning] PestManKill: [BaseWidget] emplace Alpha 125
[14:21:08] [warning] PestManKill: [BaseWidget] emplace VisibleTag 125
[14:21:08] [warning] PestManKill: [BaseWidget] emplace Hierarchy 125
[14:21:08] [warning] PestManKill: [BaseWidget] mark dirty 125
[14:21:08] [warning] PestManKill: [BaseWidget] create 126 alias=animItem_pingpong
[14:21:08] [warning] PestManKill: [BaseWidget] emplace BaseInfo 126
[14:21:08] [warning] PestManKill: [BaseWidget] emplace Position 126
[14:21:08] [warning] PestManKill: [BaseWidget] emplace Size 126
[14:21:08] [warning] PestManKill: [BaseWidget] emplace Alpha 126
[14:21:08] [warning] PestManKill: [BaseWidget] emplace VisibleTag 126
[14:21:08] [warning] PestManKill: [BaseWidget] emplace Hierarchy 126
[14:21:08] [warning] PestManKill: [BaseWidget] mark dirty 126
[14:21:08] [warning] PestManKill: [BaseWidget] create 127 alias=animBox_pingpong
[14:21:08] [warning] PestManKill: [BaseWidget] emplace BaseInfo 127
[14:21:08] [warning] PestManKill: [BaseWidget] emplace Position 127
[14:21:08] [warning] PestManKill: [BaseWidget] emplace Size 127
[14:21:08] [warning] PestManKill: [BaseWidget] emplace Alpha 127
[14:21:08] [warning] PestManKill: [BaseWidget] emplace VisibleTag 127
[14:21:08] [warning] PestManKill: [BaseWidget] emplace Hierarchy 127
[14:21:08] [warning] PestManKill: [BaseWidget] mark dirty 127
[14:21:08] [warning] PestManKill: [BaseWidget] create 128 alias=animPingPongBtnRow
[14:21:08] [warning] PestManKill: [BaseWidget] emplace BaseInfo 128
[14:21:08] [warning] PestManKill: [BaseWidget] emplace Position 128
[14:21:08] [warning] PestManKill: [BaseWidget] emplace Size 128
[14:21:08] [warning] PestManKill: [BaseWidget] emplace Alpha 128
[14:21:08] [warning] PestManKill: [BaseWidget] emplace VisibleTag 128
[14:21:08] [warning] PestManKill: [BaseWidget] emplace Hierarchy 128
[14:21:08] [warning] PestManKill: [BaseWidget] mark dirty 128
[14:21:08] [warning] PestManKill: [BaseWidget] create 129 alias=animPingPongStartBtn
[14:21:08] [warning] PestManKill: [BaseWidget] emplace BaseInfo 129
[14:21:08] [warning] PestManKill: [BaseWidget] emplace Position 129
[14:21:08] [warning] PestManKill: [BaseWidget] emplace Size 129
[14:21:08] [warning] PestManKill: [BaseWidget] emplace Alpha 129
[14:21:08] [warning] PestManKill: [BaseWidget] emplace VisibleTag 129
[14:21:08] [warning] PestManKill: [BaseWidget] emplace Hierarchy 129
[14:21:08] [warning] PestManKill: [BaseWidget] mark dirty 129
[14:21:08] [warning] PestManKill: [BaseWidget] create 130 alias=animPingPongStopBtn
[14:21:08] [warning] PestManKill: [BaseWidget] emplace BaseInfo 130
[14:21:08] [warning] PestManKill: [BaseWidget] emplace Position 130
[14:21:08] [warning] PestManKill: [BaseWidget] emplace Size 130
[14:21:08] [warning] PestManKill: [BaseWidget] emplace Alpha 130
[14:21:08] [warning] PestManKill: [BaseWidget] emplace VisibleTag 130
[14:21:08] [warning] PestManKill: [BaseWidget] emplace Hierarchy 130
[14:21:08] [warning] PestManKill: [BaseWidget] mark dirty 130
[14:21:08] [info] PestManKill: [ImageManager] Loaded texture: D:\test\VMP-ui\example\ui_demo\assets\sample.png
[14:21:08] [info] PestManKill: [ImageManager] Loaded texture: D:\test\VMP-ui\example\ui_demo\assets\sample.jpg
[14:21:08] [info] PestManKill: [ImageManager] Loaded texture: D:\test\VMP-ui\example\ui_demo\assets\sample.bmp
[14:21:08] [info] PestManKill: Main window created: full controls demo
[14:21:09] [info] PestManKill: 已从 GPU 设备释放窗口 (ID: 3)
